<?xml version="1.0" encoding="UTF-8"?>
<!-- Generated by org.testng.reporters.JUnitReportReporter -->
<testsuite hostname="Abhishek" failures="0" tests="1" name="demo.SampleTest" time="0.013" errors="0" timestamp="2024-05-22T20:01:55 IST" skipped="0">
  <testcase classname="demo.SampleTest" name="test" time="0.013"/>
  <system-out>
    <![CDATA[SampleTest class Executed]]>
  </system-out>
</testsuite> <!-- demo.SampleTest -->
